d:\development\work\popcorn_project\popcorn\popcorn\x64\debug\vc143.pdb
d:\development\work\popcorn_project\popcorn\popcorn\x64\debug\vc143.idb
d:\development\work\popcorn_project\popcorn\popcorn\x64\debug\platform.obj
d:\development\work\popcorn_project\popcorn\popcorn\x64\debug\main.obj
d:\development\work\popcorn_project\popcorn\popcorn\x64\debug\level.obj
d:\development\work\popcorn_project\popcorn\popcorn\x64\debug\falling_letter.obj
d:\development\work\popcorn_project\popcorn\popcorn\x64\debug\engine.obj
d:\development\work\popcorn_project\popcorn\popcorn\x64\debug\config.obj
d:\development\work\popcorn_project\popcorn\popcorn\x64\debug\border.obj
d:\development\work\popcorn_project\popcorn\popcorn\x64\debug\ball_set.obj
d:\development\work\popcorn_project\popcorn\popcorn\x64\debug\ball.obj
d:\development\work\popcorn_project\popcorn\popcorn\x64\debug\active_brick.obj
d:\development\work\popcorn_project\popcorn\x64\debug\popcorn.exe
d:\development\work\popcorn_project\popcorn\x64\debug\popcorn.pdb
d:\development\work\popcorn_project\popcorn\popcorn\x64\debug\popcorn.res
d:\development\work\popcorn_project\popcorn\popcorn\x64\debug\popcorn.ilk
d:\development\work\popcorn_project\popcorn\popcorn\x64\debug\popcorn.tlog\cl.command.1.tlog
d:\development\work\popcorn_project\popcorn\popcorn\x64\debug\popcorn.tlog\cl.items.tlog
d:\development\work\popcorn_project\popcorn\popcorn\x64\debug\popcorn.tlog\cl.read.1.tlog
d:\development\work\popcorn_project\popcorn\popcorn\x64\debug\popcorn.tlog\cl.write.1.tlog
d:\development\work\popcorn_project\popcorn\popcorn\x64\debug\popcorn.tlog\link.command.1.tlog
d:\development\work\popcorn_project\popcorn\popcorn\x64\debug\popcorn.tlog\link.read.1.tlog
d:\development\work\popcorn_project\popcorn\popcorn\x64\debug\popcorn.tlog\link.secondary.1.tlog
d:\development\work\popcorn_project\popcorn\popcorn\x64\debug\popcorn.tlog\link.write.1.tlog
d:\development\work\popcorn_project\popcorn\popcorn\x64\debug\popcorn.tlog\rc.command.1.tlog
d:\development\work\popcorn_project\popcorn\popcorn\x64\debug\popcorn.tlog\rc.read.1.tlog
d:\development\work\popcorn_project\popcorn\popcorn\x64\debug\popcorn.tlog\rc.write.1.tlog
